[2024-05-12T14:51:58.826+0000] {manager.py:470} INFO - Processing files using up to 1 processes at a time 
[2024-05-12T14:51:58.828+0000] {manager.py:471} INFO - Process each file at most once every 30 seconds
[2024-05-12T14:51:58.829+0000] {manager.py:472} INFO - Checking for new files in /opt/airflow/dags every 300 seconds
[2024-05-12T14:51:58.831+0000] {manager.py:737} INFO - Searching for files in /opt/airflow/dags
[2024-05-12T14:51:58.833+0000] {manager.py:740} INFO - There are 0 files in /opt/airflow/dags
[2024-05-12T14:57:13.767+0000] {manager.py:470} INFO - Processing files using up to 1 processes at a time 
[2024-05-12T14:57:13.771+0000] {manager.py:471} INFO - Process each file at most once every 30 seconds
[2024-05-12T14:57:13.772+0000] {manager.py:472} INFO - Checking for new files in /opt/airflow/dags every 300 seconds
[2024-05-12T14:57:13.774+0000] {manager.py:737} INFO - Searching for files in /opt/airflow/dags
[2024-05-12T14:57:13.812+0000] {manager.py:740} INFO - There are 1 files in /opt/airflow/dags
[2024-05-12T14:57:16.045+0000] {manager.py:878} INFO - 
================================================================================
DAG File Processing Stats

File Path                  PID    Runtime      # DAGs    # Errors  Last Runtime    Last Run
-------------------------  -----  ---------  --------  ----------  --------------  -------------------
/opt/airflow/dags/main.py                           1           0  1.96s           2024-05-12T14:57:16
================================================================================
[2024-05-12T14:57:47.743+0000] {manager.py:878} INFO - 
================================================================================
DAG File Processing Stats

File Path                  PID    Runtime      # DAGs    # Errors  Last Runtime    Last Run
-------------------------  -----  ---------  --------  ----------  --------------  -------------------
/opt/airflow/dags/main.py                           1           0  1.11s           2024-05-12T14:57:47
================================================================================
[2024-05-12T14:58:19.069+0000] {manager.py:878} INFO - 
================================================================================
DAG File Processing Stats

File Path                  PID    Runtime      # DAGs    # Errors  Last Runtime    Last Run
-------------------------  -----  ---------  --------  ----------  --------------  -------------------
/opt/airflow/dags/main.py                           1           0  1.21s           2024-05-12T14:58:19
================================================================================
[2024-05-12T14:58:51.204+0000] {manager.py:878} INFO - 
================================================================================
DAG File Processing Stats

File Path                  PID    Runtime      # DAGs    # Errors  Last Runtime    Last Run
-------------------------  -----  ---------  --------  ----------  --------------  -------------------
/opt/airflow/dags/main.py                           1           0  1.21s           2024-05-12T14:58:51
================================================================================
[2024-05-12T14:59:33.675+0000] {manager.py:470} INFO - Processing files using up to 1 processes at a time 
[2024-05-12T14:59:33.677+0000] {manager.py:471} INFO - Process each file at most once every 30 seconds
[2024-05-12T14:59:33.678+0000] {manager.py:472} INFO - Checking for new files in /opt/airflow/dags every 300 seconds
[2024-05-12T14:59:33.680+0000] {manager.py:737} INFO - Searching for files in /opt/airflow/dags
[2024-05-12T14:59:33.722+0000] {manager.py:740} INFO - There are 1 files in /opt/airflow/dags
[2024-05-12T14:59:35.028+0000] {manager.py:878} INFO - 
================================================================================
DAG File Processing Stats

File Path                  PID    Runtime      # DAGs    # Errors  Last Runtime    Last Run
-------------------------  -----  ---------  --------  ----------  --------------  -------------------
/opt/airflow/dags/main.py                           1           0  1.11s           2024-05-12T14:59:35
================================================================================
[2024-05-12T15:00:51.746+0000] {manager.py:470} INFO - Processing files using up to 1 processes at a time 
[2024-05-12T15:00:51.747+0000] {manager.py:471} INFO - Process each file at most once every 30 seconds
[2024-05-12T15:00:51.749+0000] {manager.py:472} INFO - Checking for new files in /opt/airflow/dags every 300 seconds
[2024-05-12T15:00:51.751+0000] {manager.py:737} INFO - Searching for files in /opt/airflow/dags
[2024-05-12T15:00:51.790+0000] {manager.py:740} INFO - There are 1 files in /opt/airflow/dags
[2024-05-12T15:00:53.056+0000] {manager.py:878} INFO - 
================================================================================
DAG File Processing Stats

File Path                  PID    Runtime      # DAGs    # Errors  Last Runtime    Last Run
-------------------------  -----  ---------  --------  ----------  --------------  -------------------
/opt/airflow/dags/main.py                           1           0  1.11s           2024-05-12T15:00:53
================================================================================
[2024-05-12T15:01:24.591+0000] {manager.py:878} INFO - 
================================================================================
DAG File Processing Stats

File Path                  PID    Runtime      # DAGs    # Errors  Last Runtime    Last Run
-------------------------  -----  ---------  --------  ----------  --------------  -------------------
/opt/airflow/dags/main.py                           1           0  1.11s           2024-05-12T15:01:24
================================================================================
[2024-05-12T15:01:56.410+0000] {manager.py:878} INFO - 
================================================================================
DAG File Processing Stats

File Path                  PID    Runtime      # DAGs    # Errors  Last Runtime    Last Run
-------------------------  -----  ---------  --------  ----------  --------------  -------------------
/opt/airflow/dags/main.py                           1           0  0.83s           2024-05-12T15:01:56
================================================================================
[2024-05-12T15:02:28.307+0000] {manager.py:878} INFO - 
================================================================================
DAG File Processing Stats

File Path                  PID    Runtime      # DAGs    # Errors  Last Runtime    Last Run
-------------------------  -----  ---------  --------  ----------  --------------  -------------------
/opt/airflow/dags/main.py                           1           0  0.81s           2024-05-12T15:02:28
================================================================================
[2024-05-12T15:02:59.594+0000] {manager.py:878} INFO - 
================================================================================
DAG File Processing Stats

File Path                  PID    Runtime      # DAGs    # Errors  Last Runtime    Last Run
-------------------------  -----  ---------  --------  ----------  --------------  -------------------
/opt/airflow/dags/main.py                           1           0  1.01s           2024-05-12T15:02:59
================================================================================
[2024-05-12T15:03:31.549+0000] {manager.py:878} INFO - 
================================================================================
DAG File Processing Stats

File Path                  PID    Runtime      # DAGs    # Errors  Last Runtime    Last Run
-------------------------  -----  ---------  --------  ----------  --------------  -------------------
/opt/airflow/dags/main.py                           1           0  0.91s           2024-05-12T15:03:31
================================================================================
[2024-05-12T15:04:02.798+0000] {manager.py:878} INFO - 
================================================================================
DAG File Processing Stats

File Path                  PID    Runtime      # DAGs    # Errors  Last Runtime    Last Run
-------------------------  -----  ---------  --------  ----------  --------------  -------------------
/opt/airflow/dags/main.py                           1           0  1.01s           2024-05-12T15:04:02
================================================================================
[2024-05-12T15:04:33.998+0000] {manager.py:878} INFO - 
================================================================================
DAG File Processing Stats

File Path                  PID    Runtime      # DAGs    # Errors  Last Runtime    Last Run
-------------------------  -----  ---------  --------  ----------  --------------  -------------------
/opt/airflow/dags/main.py                           1           0  0.92s           2024-05-12T15:04:33
================================================================================
[2024-05-12T15:05:05.235+0000] {manager.py:878} INFO - 
================================================================================
DAG File Processing Stats

File Path                  PID    Runtime      # DAGs    # Errors  Last Runtime    Last Run
-------------------------  -----  ---------  --------  ----------  --------------  -------------------
/opt/airflow/dags/main.py                           1           0  0.91s           2024-05-12T15:05:05
================================================================================
[2024-05-12T15:05:36.518+0000] {manager.py:878} INFO - 
================================================================================
DAG File Processing Stats

File Path                  PID    Runtime      # DAGs    # Errors  Last Runtime    Last Run
-------------------------  -----  ---------  --------  ----------  --------------  -------------------
/opt/airflow/dags/main.py                           1           0  0.91s           2024-05-12T15:05:36
================================================================================
[2024-05-12T15:05:51.768+0000] {manager.py:737} INFO - Searching for files in /opt/airflow/dags
[2024-05-12T15:05:51.798+0000] {manager.py:740} INFO - There are 1 files in /opt/airflow/dags
[2024-05-12T15:06:07.787+0000] {manager.py:878} INFO - 
================================================================================
DAG File Processing Stats

File Path                  PID    Runtime      # DAGs    # Errors  Last Runtime    Last Run
-------------------------  -----  ---------  --------  ----------  --------------  -------------------
/opt/airflow/dags/main.py                           1           0  0.91s           2024-05-12T15:06:07
================================================================================
[2024-05-12T15:06:39.288+0000] {manager.py:878} INFO - 
================================================================================
DAG File Processing Stats

File Path                  PID    Runtime      # DAGs    # Errors  Last Runtime    Last Run
-------------------------  -----  ---------  --------  ----------  --------------  -------------------
/opt/airflow/dags/main.py                           1           0  1.31s           2024-05-12T15:06:39
================================================================================
[2024-05-12T15:07:10.639+0000] {manager.py:878} INFO - 
================================================================================
DAG File Processing Stats

File Path                  PID    Runtime      # DAGs    # Errors  Last Runtime    Last Run
-------------------------  -----  ---------  --------  ----------  --------------  -------------------
/opt/airflow/dags/main.py                           1           0  1.01s           2024-05-12T15:07:10
================================================================================
[2024-05-12T15:07:41.888+0000] {manager.py:878} INFO - 
================================================================================
DAG File Processing Stats

File Path                  PID    Runtime      # DAGs    # Errors  Last Runtime    Last Run
-------------------------  -----  ---------  --------  ----------  --------------  -------------------
/opt/airflow/dags/main.py                           1           0  1.01s           2024-05-12T15:07:41
================================================================================
[2024-05-12T15:08:13.076+0000] {manager.py:878} INFO - 
================================================================================
DAG File Processing Stats

File Path                  PID    Runtime      # DAGs    # Errors  Last Runtime    Last Run
-------------------------  -----  ---------  --------  ----------  --------------  -------------------
/opt/airflow/dags/main.py                           1           0  0.91s           2024-05-12T15:08:13
================================================================================
[2024-05-12T15:08:44.265+0000] {manager.py:878} INFO - 
================================================================================
DAG File Processing Stats

File Path                  PID    Runtime      # DAGs    # Errors  Last Runtime    Last Run
-------------------------  -----  ---------  --------  ----------  --------------  -------------------
/opt/airflow/dags/main.py                           1           0  0.91s           2024-05-12T15:08:44
================================================================================
[2024-05-12T15:09:15.479+0000] {manager.py:878} INFO - 
================================================================================
DAG File Processing Stats

File Path                  PID    Runtime      # DAGs    # Errors  Last Runtime    Last Run
-------------------------  -----  ---------  --------  ----------  --------------  -------------------
/opt/airflow/dags/main.py                           1           0  0.91s           2024-05-12T15:09:15
================================================================================
[2024-05-12T15:09:46.667+0000] {manager.py:878} INFO - 
================================================================================
DAG File Processing Stats

File Path                  PID    Runtime      # DAGs    # Errors  Last Runtime    Last Run
-------------------------  -----  ---------  --------  ----------  --------------  -------------------
/opt/airflow/dags/main.py                           1           0  0.91s           2024-05-12T15:09:46
================================================================================
[2024-05-12T15:10:17.832+0000] {manager.py:878} INFO - 
================================================================================
DAG File Processing Stats

File Path                  PID    Runtime      # DAGs    # Errors  Last Runtime    Last Run
-------------------------  -----  ---------  --------  ----------  --------------  -------------------
/opt/airflow/dags/main.py                           1           0  0.91s           2024-05-12T15:10:17
================================================================================
[2024-05-12T15:10:49.175+0000] {manager.py:878} INFO - 
================================================================================
DAG File Processing Stats

File Path                  PID    Runtime      # DAGs    # Errors  Last Runtime    Last Run
-------------------------  -----  ---------  --------  ----------  --------------  -------------------
/opt/airflow/dags/main.py                           1           0  0.91s           2024-05-12T15:10:49
================================================================================
[2024-05-12T15:10:51.934+0000] {manager.py:737} INFO - Searching for files in /opt/airflow/dags
[2024-05-12T15:10:51.958+0000] {manager.py:740} INFO - There are 1 files in /opt/airflow/dags
[2024-05-12T15:11:20.272+0000] {manager.py:878} INFO - 
================================================================================
DAG File Processing Stats

File Path                  PID    Runtime      # DAGs    # Errors  Last Runtime    Last Run
-------------------------  -----  ---------  --------  ----------  --------------  -------------------
/opt/airflow/dags/main.py                           1           0  0.81s           2024-05-12T15:11:20
================================================================================
[2024-05-12T15:11:51.742+0000] {manager.py:878} INFO - 
================================================================================
DAG File Processing Stats

File Path                  PID    Runtime      # DAGs    # Errors  Last Runtime    Last Run
-------------------------  -----  ---------  --------  ----------  --------------  -------------------
/opt/airflow/dags/main.py                           1           0  1.21s           2024-05-12T15:11:51
================================================================================
[2024-05-12T15:12:23.050+0000] {manager.py:878} INFO - 
================================================================================
DAG File Processing Stats

File Path                  PID    Runtime      # DAGs    # Errors  Last Runtime    Last Run
-------------------------  -----  ---------  --------  ----------  --------------  -------------------
/opt/airflow/dags/main.py                           1           0  1.01s           2024-05-12T15:12:23
================================================================================
[2024-05-12T15:12:55.170+0000] {manager.py:878} INFO - 
================================================================================
DAG File Processing Stats

File Path                  PID    Runtime      # DAGs    # Errors  Last Runtime    Last Run
-------------------------  -----  ---------  --------  ----------  --------------  -------------------
/opt/airflow/dags/main.py                           1           0  1.81s           2024-05-12T15:12:55
================================================================================
[2024-05-12T15:13:42.914+0000] {manager.py:878} INFO - 
================================================================================
DAG File Processing Stats

File Path                  PID    Runtime      # DAGs    # Errors  Last Runtime    Last Run
-------------------------  -----  ---------  --------  ----------  --------------  -------------------
/opt/airflow/dags/main.py                           1           0  17.22s          2024-05-12T15:13:42
================================================================================
[2024-05-12T15:14:14.644+0000] {manager.py:878} INFO - 
================================================================================
DAG File Processing Stats

File Path                  PID    Runtime      # DAGs    # Errors  Last Runtime    Last Run
-------------------------  -----  ---------  --------  ----------  --------------  -------------------
/opt/airflow/dags/main.py                           1           0  1.41s           2024-05-12T15:14:14
================================================================================
[2024-05-12T15:14:46.512+0000] {manager.py:878} INFO - 
================================================================================
DAG File Processing Stats

File Path                  PID    Runtime      # DAGs    # Errors  Last Runtime    Last Run
-------------------------  -----  ---------  --------  ----------  --------------  -------------------
/opt/airflow/dags/main.py                           1           0  1.51s           2024-05-12T15:14:46
================================================================================
[2024-05-12T15:16:26.398+0000] {manager.py:452} INFO - Exiting gracefully upon receiving signal 15
[2024-05-12T15:16:27.386+0000] {manager.py:470} INFO - Processing files using up to 1 processes at a time 
[2024-05-12T15:16:27.388+0000] {manager.py:471} INFO - Process each file at most once every 30 seconds
[2024-05-12T15:16:27.389+0000] {manager.py:472} INFO - Checking for new files in /opt/airflow/dags every 300 seconds
[2024-05-12T15:16:27.391+0000] {manager.py:737} INFO - Searching for files in /opt/airflow/dags
[2024-05-12T15:16:27.435+0000] {manager.py:740} INFO - There are 1 files in /opt/airflow/dags
[2024-05-12T15:16:29.142+0000] {manager.py:878} INFO - 
================================================================================
DAG File Processing Stats

File Path                  PID    Runtime      # DAGs    # Errors  Last Runtime    Last Run
-------------------------  -----  ---------  --------  ----------  --------------  -------------------
/opt/airflow/dags/main.py                           1           0  1.51s           2024-05-12T15:16:29
================================================================================
[2024-05-12T15:17:02.006+0000] {manager.py:878} INFO - 
================================================================================
DAG File Processing Stats

File Path                  PID    Runtime      # DAGs    # Errors  Last Runtime    Last Run
-------------------------  -----  ---------  --------  ----------  --------------  -------------------
/opt/airflow/dags/main.py                           1           0  2.05s           2024-05-12T15:17:02
================================================================================
[2024-05-12T15:17:33.449+0000] {manager.py:878} INFO - 
================================================================================
DAG File Processing Stats

File Path                  PID    Runtime      # DAGs    # Errors  Last Runtime    Last Run
-------------------------  -----  ---------  --------  ----------  --------------  -------------------
/opt/airflow/dags/main.py                           1           0  0.92s           2024-05-12T15:17:33
================================================================================
[2024-05-12T15:18:05.203+0000] {manager.py:878} INFO - 
================================================================================
DAG File Processing Stats

File Path                  PID    Runtime      # DAGs    # Errors  Last Runtime    Last Run
-------------------------  -----  ---------  --------  ----------  --------------  -------------------
/opt/airflow/dags/main.py                           1           0  1.21s           2024-05-12T15:18:05
================================================================================
[2024-05-12T15:18:37.805+0000] {manager.py:878} INFO - 
================================================================================
DAG File Processing Stats

File Path                  PID    Runtime      # DAGs    # Errors  Last Runtime    Last Run
-------------------------  -----  ---------  --------  ----------  --------------  -------------------
/opt/airflow/dags/main.py                           1           0  2.11s           2024-05-12T15:18:37
================================================================================
[2024-05-12T15:19:09.561+0000] {manager.py:878} INFO - 
================================================================================
DAG File Processing Stats

File Path                  PID    Runtime      # DAGs    # Errors  Last Runtime    Last Run
-------------------------  -----  ---------  --------  ----------  --------------  -------------------
/opt/airflow/dags/main.py                           1           0  1.41s           2024-05-12T15:19:09
================================================================================
[2024-05-12T15:19:40.944+0000] {manager.py:878} INFO - 
================================================================================
DAG File Processing Stats

File Path                  PID    Runtime      # DAGs    # Errors  Last Runtime    Last Run
-------------------------  -----  ---------  --------  ----------  --------------  -------------------
/opt/airflow/dags/main.py                           1           0  1.01s           2024-05-12T15:19:40
================================================================================
[2024-05-12T15:20:13.878+0000] {manager.py:878} INFO - 
================================================================================
DAG File Processing Stats

File Path                  PID    Runtime      # DAGs    # Errors  Last Runtime    Last Run
-------------------------  -----  ---------  --------  ----------  --------------  -------------------
/opt/airflow/dags/main.py                           1           0  2.45s           2024-05-12T15:20:13
================================================================================
[2024-05-12T15:20:46.046+0000] {manager.py:878} INFO - 
================================================================================
DAG File Processing Stats

File Path                  PID    Runtime      # DAGs    # Errors  Last Runtime    Last Run
-------------------------  -----  ---------  --------  ----------  --------------  -------------------
/opt/airflow/dags/main.py                           1           0  1.84s           2024-05-12T15:20:46
================================================================================
[2024-05-12T15:21:17.302+0000] {manager.py:878} INFO - 
================================================================================
DAG File Processing Stats

File Path                  PID    Runtime      # DAGs    # Errors  Last Runtime    Last Run
-------------------------  -----  ---------  --------  ----------  --------------  -------------------
/opt/airflow/dags/main.py                           1           0  1.21s           2024-05-12T15:21:17
================================================================================
[2024-05-12T15:21:27.544+0000] {manager.py:737} INFO - Searching for files in /opt/airflow/dags
[2024-05-12T15:21:27.580+0000] {manager.py:740} INFO - There are 1 files in /opt/airflow/dags
[2024-05-12T15:21:59.309+0000] {manager.py:878} INFO - 
================================================================================
DAG File Processing Stats

File Path                  PID    Runtime      # DAGs    # Errors  Last Runtime    Last Run
-------------------------  -----  ---------  --------  ----------  --------------  -------------------
/opt/airflow/dags/main.py                           1           0  1.32s           2024-05-12T15:21:59
================================================================================
[2024-05-12T15:22:30.646+0000] {manager.py:878} INFO - 
================================================================================
DAG File Processing Stats

File Path                  PID    Runtime      # DAGs    # Errors  Last Runtime    Last Run
-------------------------  -----  ---------  --------  ----------  --------------  -------------------
/opt/airflow/dags/main.py                           1           0  1.22s           2024-05-12T15:22:30
================================================================================
[2024-05-12T15:23:03.724+0000] {manager.py:878} INFO - 
================================================================================
DAG File Processing Stats

File Path                  PID    Runtime      # DAGs    # Errors  Last Runtime    Last Run
-------------------------  -----  ---------  --------  ----------  --------------  -------------------
/opt/airflow/dags/main.py                           1           0  2.32s           2024-05-12T15:23:03
================================================================================
[2024-05-12T15:23:35.333+0000] {manager.py:878} INFO - 
================================================================================
DAG File Processing Stats

File Path                  PID    Runtime      # DAGs    # Errors  Last Runtime    Last Run
-------------------------  -----  ---------  --------  ----------  --------------  -------------------
/opt/airflow/dags/main.py                           1           0  1.11s           2024-05-12T15:23:35
================================================================================
